baseurl:http://cardano-wallet-testnet.iog.solutions:8090/v2/
-wallets
{
  "id" : "b63eacb4c89bd942cacfe0d3ed47459bbf0ce5c9",
  "address_pool_gap" : 20,
  "balance" : {
    "available" : {
      "quantity" : 0,
      "unit" : "lovelace"
    },
    "reward" : {
      "quantity" : 0,
      "unit" : "lovelace"
    },
    "total" : {
      "quantity" : 0,
      "unit" : "lovelace"
    }
  },
  "delegation" : {
    "active" : {
      "status" : "not_delegating"
    },
    "next" : [
    ]
  },
  "name" : "cardanoapimainspec",
  "passphrase" : {
    "last_updated_at" : "2020-08-27T10:30:33.256080532Z"
  },
  "state" : {
    "status" : "ready"
  },
  "tip" : {
    "epoch_number" : 93,
    "slot_number" : 142033,
    "height" : {
      "quantity" : 1994829,
      "unit" : "block"
    }
  }
}
{
  "id" : "695f316edadf3ca391fc0e16e3250ffcc031b4e4",
  "address_pool_gap" : 20,
  "balance" : {
    "available" : {
      "quantity" : 453445836,
      "unit" : "lovelace"
    },
    "reward" : {
      "quantity" : 0,
      "unit" : "lovelace"
    },
    "total" : {
      "quantity" : 1336228691,
      "unit" : "lovelace"
    }
  },
  "delegation" : {
    "active" : {
      "status" : "not_delegating"
    },
    "next" : [
    ]
  },
  "name" : "metadata-test-wallet",
  "passphrase" : {
    "last_updated_at" : "2020-10-01T07:55:32.345741918Z"
  },
  "state" : {
    "status" : "ready"
  },
  "tip" : {
    "epoch_number" : 93,
    "slot_number" : 142033,
    "height" : {
      "quantity" : 1994829,
      "unit" : "block"
    }
  }
}
{
  "id" : "6bf708c302a86abf1c2485be0579c1c392129e76",
  "address_pool_gap" : 20,
  "balance" : {
    "available" : {
      "quantity" : 1952049738,
      "unit" : "lovelace"
    },
    "reward" : {
      "quantity" : 0,
      "unit" : "lovelace"
    },
    "total" : {
      "quantity" : 1952049738,
      "unit" : "lovelace"
    }
  },
  "delegation" : {
    "active" : {
      "status" : "not_delegating"
    },
    "next" : [
    ]
  },
  "name" : "alan1",
  "passphrase" : {
    "last_updated_at" : "2020-09-15T17:30:47.242997597Z"
  },
  "state" : {
    "status" : "ready"
  },
  "tip" : {
    "epoch_number" : 93,
    "slot_number" : 142033,
    "height" : {
      "quantity" : 1994829,
      "unit" : "block"
    }
  }
}
{
  "id" : "882a1e89e3b6911f155e712a3bb0838c489eede0",
  "address_pool_gap" : 20,
  "balance" : {
    "available" : {
      "quantity" : 20000000,
      "unit" : "lovelace"
    },
    "reward" : {
      "quantity" : 0,
      "unit" : "lovelace"
    },
    "total" : {
      "quantity" : 20000000,
      "unit" : "lovelace"
    }
  },
  "delegation" : {
    "active" : {
      "status" : "not_delegating"
    },
    "next" : [
    ]
  },
  "name" : "cardano-api-to",
  "passphrase" : {
    "last_updated_at" : "2020-09-04T08:36:17.16076515Z"
  },
  "state" : {
    "status" : "ready"
  },
  "tip" : {
    "epoch_number" : 93,
    "slot_number" : 142033,
    "height" : {
      "quantity" : 1994829,
      "unit" : "block"
    }
  }
}
{
  "id" : "ef5567e0aec02ca3887a470563a279f4ed5b2a03",
  "address_pool_gap" : 20,
  "balance" : {
    "available" : {
      "quantity" : 92441256,
      "unit" : "lovelace"
    },
    "reward" : {
      "quantity" : 0,
      "unit" : "lovelace"
    },
    "total" : {
      "quantity" : 92441256,
      "unit" : "lovelace"
    }
  },
  "delegation" : {
    "active" : {
      "status" : "not_delegating"
    },
    "next" : [
    ]
  },
  "name" : "stress_tests_1",
  "passphrase" : {
    "last_updated_at" : "2020-09-10T12:01:20.597817306Z"
  },
  "state" : {
    "status" : "ready"
  },
  "tip" : {
    "epoch_number" : 93,
    "slot_number" : 142033,
    "height" : {
      "quantity" : 1994829,
      "unit" : "block"
    }
  }
}
{
  "id" : "7c0c866e3cf78576944dfdbf22261ba23e0a6a1c",
  "address_pool_gap" : 20,
  "balance" : {
    "available" : {
      "quantity" : 194542588,
      "unit" : "lovelace"
    },
    "reward" : {
      "quantity" : 0,
      "unit" : "lovelace"
    },
    "total" : {
      "quantity" : 217312843,
      "unit" : "lovelace"
    }
  },
  "delegation" : {
    "active" : {
      "status" : "not_delegating"
    },
    "next" : [
    ]
  },
  "name" : "stress_tests_2",
  "passphrase" : {
    "last_updated_at" : "2020-09-10T12:05:46.409949723Z"
  },
  "state" : {
    "status" : "ready"
  },
  "tip" : {
    "epoch_number" : 93,
    "slot_number" : 142033,
    "height" : {
      "quantity" : 1994829,
      "unit" : "block"
    }
  }
}
{
  "id" : "8991acd89da39132778b70f5dc0c0ee6bc66b4b2",
  "address_pool_gap" : 20,
  "balance" : {
    "available" : {
      "quantity" : 196336560,
      "unit" : "lovelace"
    },
    "reward" : {
      "quantity" : 0,
      "unit" : "lovelace"
    },
    "total" : {
      "quantity" : 1193134537,
      "unit" : "lovelace"
    }
  },
  "delegation" : {
    "active" : {
      "status" : "not_delegating"
    },
    "next" : [
    ]
  },
  "name" : "stress_tests_3",
  "passphrase" : {
    "last_updated_at" : "2020-09-10T12:11:27.028619515Z"
  },
  "state" : {
    "status" : "ready"
  },
  "tip" : {
    "epoch_number" : 93,
    "slot_number" : 142033,
    "height" : {
      "quantity" : 1994829,
      "unit" : "block"
    }
  }
}
{
  "id" : "b3dabc238608ad3f6c5996340ca978b27dca34e2",
  "address_pool_gap" : 20,
  "balance" : {
    "available" : {
      "quantity" : 190777150,
      "unit" : "lovelace"
    },
    "reward" : {
      "quantity" : 0,
      "unit" : "lovelace"
    },
    "total" : {
      "quantity" : 190777150,
      "unit" : "lovelace"
    }
  },
  "delegation" : {
    "active" : {
      "status" : "not_delegating"
    },
    "next" : [
    ]
  },
  "name" : "stress_tests_4",
  "passphrase" : {
    "last_updated_at" : "2020-09-10T12:12:18.615621513Z"
  },
  "state" : {
    "status" : "ready"
  },
  "tip" : {
    "epoch_number" : 93,
    "slot_number" : 142033,
    "height" : {
      "quantity" : 1994829,
      "unit" : "block"
    }
  }
}
{
  "id" : "4c27a6229975a17d8ce26c4386b1e664794d5dc8",
  "address_pool_gap" : 20,
  "balance" : {
    "available" : {
      "quantity" : 277760742,
      "unit" : "lovelace"
    },
    "reward" : {
      "quantity" : 0,
      "unit" : "lovelace"
    },
    "total" : {
      "quantity" : 278760742,
      "unit" : "lovelace"
    }
  },
  "delegation" : {
    "active" : {
      "status" : "not_delegating"
    },
    "next" : [
    ]
  },
  "name" : "stress_tests_5",
  "passphrase" : {
    "last_updated_at" : "2020-09-10T12:13:04.055675554Z"
  },
  "state" : {
    "status" : "ready"
  },
  "tip" : {
    "epoch_number" : 93,
    "slot_number" : 142033,
    "height" : {
      "quantity" : 1994829,
      "unit" : "block"
    }
  }
}
{
  "id" : "d1b922448c97d6e2f2c0cffc272fc8c32b46cbea",
  "address_pool_gap" : 20,
  "balance" : {
    "available" : {
      "quantity" : 196524504,
      "unit" : "lovelace"
    },
    "reward" : {
      "quantity" : 0,
      "unit" : "lovelace"
    },
    "total" : {
      "quantity" : 1185493172,
      "unit" : "lovelace"
    }
  },
  "delegation" : {
    "active" : {
      "status" : "not_delegating"
    },
    "next" : [
    ]
  },
  "name" : "stress_tests_6",
  "passphrase" : {
    "last_updated_at" : "2020-09-10T12:24:08.895657272Z"
  },
  "state" : {
    "status" : "ready"
  },
  "tip" : {
    "epoch_number" : 93,
    "slot_number" : 142033,
    "height" : {
      "quantity" : 1994829,
      "unit" : "block"
    }
  }
}
{
  "id" : "0d17ec602cbcc4435e82c1bc8cf28d84934df63e",
  "address_pool_gap" : 20,
  "balance" : {
    "available" : {
      "quantity" : 195672207,
      "unit" : "lovelace"
    },
    "reward" : {
      "quantity" : 0,
      "unit" : "lovelace"
    },
    "total" : {
      "quantity" : 195672207,
      "unit" : "lovelace"
    }
  },
  "delegation" : {
    "active" : {
      "status" : "not_delegating"
    },
    "next" : [
    ]
  },
  "name" : "stress_tests_7",
  "passphrase" : {
    "last_updated_at" : "2020-09-10T12:24:25.486031982Z"
  },
  "state" : {
    "status" : "ready"
  },
  "tip" : {
    "epoch_number" : 93,
    "slot_number" : 142033,
    "height" : {
      "quantity" : 1994829,
      "unit" : "block"
    }
  }
}
{
  "id" : "ff9b3044a23f97378c907a3829472736f6b3187a",
  "address_pool_gap" : 20,
  "balance" : {
    "available" : {
      "quantity" : 196524504,
      "unit" : "lovelace"
    },
    "reward" : {
      "quantity" : 0,
      "unit" : "lovelace"
    },
    "total" : {
      "quantity" : 210122876,
      "unit" : "lovelace"
    }
  },
  "delegation" : {
    "active" : {
      "status" : "not_delegating"
    },
    "next" : [
    ]
  },
  "name" : "stress_tests_8",
  "passphrase" : {
    "last_updated_at" : "2020-09-10T12:24:44.618542779Z"
  },
  "state" : {
    "status" : "ready"
  },
  "tip" : {
    "epoch_number" : 93,
    "slot_number" : 142033,
    "height" : {
      "quantity" : 1994829,
      "unit" : "block"
    }
  }
}
{
  "id" : "6ab0f7890fa57749de9cf1258ce328dd8a6cd8d5",
  "address_pool_gap" : 20,
  "balance" : {
    "available" : {
      "quantity" : 195530532,
      "unit" : "lovelace"
    },
    "reward" : {
      "quantity" : 0,
      "unit" : "lovelace"
    },
    "total" : {
      "quantity" : 195530532,
      "unit" : "lovelace"
    }
  },
  "delegation" : {
    "active" : {
      "status" : "not_delegating"
    },
    "next" : [
    ]
  },
  "name" : "stress_tests_9",
  "passphrase" : {
    "last_updated_at" : "2020-09-10T12:24:55.478505535Z"
  },
  "state" : {
    "status" : "ready"
  },
  "tip" : {
    "epoch_number" : 93,
    "slot_number" : 142033,
    "height" : {
      "quantity" : 1994829,
      "unit" : "block"
    }
  }
}
{
  "id" : "d05f966200ef39466a62f6462b05b2635407cec5",
  "address_pool_gap" : 20,
  "balance" : {
    "available" : {
      "quantity" : 0,
      "unit" : "lovelace"
    },
    "reward" : {
      "quantity" : 0,
      "unit" : "lovelace"
    },
    "total" : {
      "quantity" : 843265265,
      "unit" : "lovelace"
    }
  },
  "delegation" : {
    "active" : {
      "status" : "not_delegating"
    },
    "next" : [
    ]
  },
  "name" : "stress_tests_10",
  "passphrase" : {
    "last_updated_at" : "2020-09-10T12:25:07.828851702Z"
  },
  "state" : {
    "status" : "ready"
  },
  "tip" : {
    "epoch_number" : 93,
    "slot_number" : 142033,
    "height" : {
      "quantity" : 1994829,
      "unit" : "block"
    }
  }
}
{
  "id" : "a06925cf1e595489704da7d78dd9c64e49cb13c5",
  "address_pool_gap" : 20,
  "balance" : {
    "available" : {
      "quantity" : 200000000,
      "unit" : "lovelace"
    },
    "reward" : {
      "quantity" : 0,
      "unit" : "lovelace"
    },
    "total" : {
      "quantity" : 200000000,
      "unit" : "lovelace"
    }
  },
  "delegation" : {
    "active" : {
      "status" : "not_delegating"
    },
    "next" : [
    ]
  },
  "name" : "stress_tests_11",
  "passphrase" : {
    "last_updated_at" : "2020-09-15T13:41:22.349889843Z"
  },
  "state" : {
    "status" : "ready"
  },
  "tip" : {
    "epoch_number" : 93,
    "slot_number" : 142033,
    "height" : {
      "quantity" : 1994829,
      "unit" : "block"
    }
  }
}
{
  "id" : "bba31093fc7d4585524ec906e9a5f2b1423b3a73",
  "address_pool_gap" : 20,
  "balance" : {
    "available" : {
      "quantity" : 999988280085,
      "unit" : "lovelace"
    },
    "reward" : {
      "quantity" : 0,
      "unit" : "lovelace"
    },
    "total" : {
      "quantity" : 999988280085,
      "unit" : "lovelace"
    }
  },
  "delegation" : {
    "active" : {
      "status" : "not_delegating"
    },
    "next" : [
    ]
  },
  "name" : "test_psg_metadata",
  "passphrase" : {
    "last_updated_at" : "2020-09-17T12:46:17.254137322Z"
  },
  "state" : {
    "status" : "ready"
  },
  "tip" : {
    "epoch_number" : 93,
    "slot_number" : 142033,
    "height" : {
      "quantity" : 1994829,
      "unit" : "block"
    }
  }
}
{
  "id" : "9cfb32e1472ff0fbd97afb000f28bcab85957798",
  "address_pool_gap" : 20,
  "balance" : {
    "available" : {
      "quantity" : 3600000,
      "unit" : "lovelace"
    },
    "reward" : {
      "quantity" : 0,
      "unit" : "lovelace"
    },
    "total" : {
      "quantity" : 3600000,
      "unit" : "lovelace"
    }
  },
  "delegation" : {
    "active" : {
      "status" : "not_delegating"
    },
    "next" : [
    ]
  },
  "name" : "balance_w_1",
  "passphrase" : {
    "last_updated_at" : "2020-09-21T09:55:13.761234896Z"
  },
  "state" : {
    "status" : "ready"
  },
  "tip" : {
    "epoch_number" : 93,
    "slot_number" : 142033,
    "height" : {
      "quantity" : 1994829,
      "unit" : "block"
    }
  }
}
{
  "id" : "8b775a117605acf31ccb9f04b41e40f1cbf51e58",
  "address_pool_gap" : 20,
  "balance" : {
    "available" : {
      "quantity" : 0,
      "unit" : "lovelace"
    },
    "reward" : {
      "quantity" : 0,
      "unit" : "lovelace"
    },
    "total" : {
      "quantity" : 0,
      "unit" : "lovelace"
    }
  },
  "delegation" : {
    "active" : {
      "status" : "not_delegating"
    },
    "next" : [
    ]
  },
  "name" : "gs_test_wallet_1",
  "passphrase" : {
    "last_updated_at" : "2020-09-28T09:05:20.681738933Z"
  },
  "state" : {
    "status" : "ready"
  },
  "tip" : {
    "epoch_number" : 93,
    "slot_number" : 142033,
    "height" : {
      "quantity" : 1994829,
      "unit" : "block"
    }
  }
}
{
  "id" : "1270ff14a8778b9adaa6b000ae8ffbba0d48038a",
  "address_pool_gap" : 20,
  "balance" : {
    "available" : {
      "quantity" : 0,
      "unit" : "lovelace"
    },
    "reward" : {
      "quantity" : 0,
      "unit" : "lovelace"
    },
    "total" : {
      "quantity" : 0,
      "unit" : "lovelace"
    }
  },
  "delegation" : {
    "active" : {
      "status" : "not_delegating"
    },
    "next" : [
    ]
  },
  "name" : "gs_test_wallet_2",
  "passphrase" : {
    "last_updated_at" : "2020-09-28T09:07:15.11881179Z"
  },
  "state" : {
    "status" : "ready"
  },
  "tip" : {
    "epoch_number" : 93,
    "slot_number" : 142033,
    "height" : {
      "quantity" : 1994829,
      "unit" : "block"
    }
  }
}
{
  "id" : "1eaaa2cae7cff84c1bb2e1f147ab16ef6fa5a215",
  "address_pool_gap" : 20,
  "balance" : {
    "available" : {
      "quantity" : 0,
      "unit" : "lovelace"
    },
    "reward" : {
      "quantity" : 0,
      "unit" : "lovelace"
    },
    "total" : {
      "quantity" : 0,
      "unit" : "lovelace"
    }
  },
  "delegation" : {
    "active" : {
      "status" : "not_delegating"
    },
    "next" : [
    ]
  },
  "name" : "gs_stress_test_wallet_1",
  "passphrase" : {
    "last_updated_at" : "2020-09-28T09:09:18.115360142Z"
  },
  "state" : {
    "status" : "ready"
  },
  "tip" : {
    "epoch_number" : 93,
    "slot_number" : 142033,
    "height" : {
      "quantity" : 1994829,
      "unit" : "block"
    }
  }
}
{
  "id" : "7cd491690c0dda40e9c0bfd4455b4d30a32f3012",
  "address_pool_gap" : 20,
  "balance" : {
    "available" : {
      "quantity" : 0,
      "unit" : "lovelace"
    },
    "reward" : {
      "quantity" : 0,
      "unit" : "lovelace"
    },
    "total" : {
      "quantity" : 0,
      "unit" : "lovelace"
    }
  },
  "delegation" : {
    "active" : {
      "status" : "not_delegating"
    },
    "next" : [
    ]
  },
  "name" : "gs_stress_test_wallet_2",
  "passphrase" : {
    "last_updated_at" : "2020-09-28T09:09:56.054049912Z"
  },
  "state" : {
    "status" : "ready"
  },
  "tip" : {
    "epoch_number" : 93,
    "slot_number" : 142033,
    "height" : {
      "quantity" : 1994829,
      "unit" : "block"
    }
  }
}
{
  "id" : "cdb300e2f3572353c5446661e8c0e35103e005e2",
  "address_pool_gap" : 20,
  "balance" : {
    "available" : {
      "quantity" : 0,
      "unit" : "lovelace"
    },
    "reward" : {
      "quantity" : 0,
      "unit" : "lovelace"
    },
    "total" : {
      "quantity" : 0,
      "unit" : "lovelace"
    }
  },
  "delegation" : {
    "active" : {
      "status" : "not_delegating"
    },
    "next" : [
    ]
  },
  "name" : "gs_stress_test_wallet_3",
  "passphrase" : {
    "last_updated_at" : "2020-09-28T09:10:37.732915963Z"
  },
  "state" : {
    "status" : "ready"
  },
  "tip" : {
    "epoch_number" : 93,
    "slot_number" : 142033,
    "height" : {
      "quantity" : 1994829,
      "unit" : "block"
    }
  }
}
{
  "id" : "940b5f2c4df40061b71b37cc4e08a609adb50ffc",
  "address_pool_gap" : 20,
  "balance" : {
    "available" : {
      "quantity" : 0,
      "unit" : "lovelace"
    },
    "reward" : {
      "quantity" : 0,
      "unit" : "lovelace"
    },
    "total" : {
      "quantity" : 0,
      "unit" : "lovelace"
    }
  },
  "delegation" : {
    "active" : {
      "status" : "not_delegating"
    },
    "next" : [
    ]
  },
  "name" : "psgs_test_wallet_1",
  "passphrase" : {
    "last_updated_at" : "2020-09-28T09:13:06.494802665Z"
  },
  "state" : {
    "status" : "ready"
  },
  "tip" : {
    "epoch_number" : 93,
    "slot_number" : 142033,
    "height" : {
      "quantity" : 1994829,
      "unit" : "block"
    }
  }
}
{
  "id" : "9001d95cbd3e296568a598238ea1ccd24fb784df",
  "address_pool_gap" : 20,
  "balance" : {
    "available" : {
      "quantity" : 0,
      "unit" : "lovelace"
    },
    "reward" : {
      "quantity" : 0,
      "unit" : "lovelace"
    },
    "total" : {
      "quantity" : 0,
      "unit" : "lovelace"
    }
  },
  "delegation" : {
    "active" : {
      "status" : "not_delegating"
    },
    "next" : [
    ]
  },
  "name" : "psgs_test_wallet_2",
  "passphrase" : {
    "last_updated_at" : "2020-09-28T09:14:43.806132883Z"
  },
  "state" : {
    "status" : "ready"
  },
  "tip" : {
    "epoch_number" : 93,
    "slot_number" : 142033,
    "height" : {
      "quantity" : 1994829,
      "unit" : "block"
    }
  }
}
{
  "id" : "eb5e57e0f7923c8b2d58e5853ac74acddbe3403e",
  "address_pool_gap" : 20,
  "balance" : {
    "available" : {
      "quantity" : 0,
      "unit" : "lovelace"
    },
    "reward" : {
      "quantity" : 0,
      "unit" : "lovelace"
    },
    "total" : {
      "quantity" : 0,
      "unit" : "lovelace"
    }
  },
  "delegation" : {
    "active" : {
      "status" : "not_delegating"
    },
    "next" : [
    ]
  },
  "name" : "psgs_stress_test_wallet_1",
  "passphrase" : {
    "last_updated_at" : "2020-09-28T09:22:46.679298698Z"
  },
  "state" : {
    "status" : "ready"
  },
  "tip" : {
    "epoch_number" : 93,
    "slot_number" : 142033,
    "height" : {
      "quantity" : 1994829,
      "unit" : "block"
    }
  }
}
{
  "id" : "b24cd8df90a2622dad58794bae0f6c16bfa2caf2",
  "address_pool_gap" : 20,
  "balance" : {
    "available" : {
      "quantity" : 0,
      "unit" : "lovelace"
    },
    "reward" : {
      "quantity" : 0,
      "unit" : "lovelace"
    },
    "total" : {
      "quantity" : 0,
      "unit" : "lovelace"
    }
  },
  "delegation" : {
    "active" : {
      "status" : "not_delegating"
    },
    "next" : [
    ]
  },
  "name" : "psgs_test_wallet_3",
  "passphrase" : {
    "last_updated_at" : "2020-09-28T09:24:07.565316295Z"
  },
  "state" : {
    "status" : "ready"
  },
  "tip" : {
    "epoch_number" : 93,
    "slot_number" : 142033,
    "height" : {
      "quantity" : 1994829,
      "unit" : "block"
    }
  }
}
{
  "id" : "04c531df59ff91d841c46d0b605d7ea015161c56",
  "address_pool_gap" : 20,
  "balance" : {
    "available" : {
      "quantity" : 0,
      "unit" : "lovelace"
    },
    "reward" : {
      "quantity" : 0,
      "unit" : "lovelace"
    },
    "total" : {
      "quantity" : 0,
      "unit" : "lovelace"
    }
  },
  "delegation" : {
    "active" : {
      "status" : "not_delegating"
    },
    "next" : [
    ]
  },
  "name" : "psgs_stress_test_wallet_2",
  "passphrase" : {
    "last_updated_at" : "2020-09-28T09:48:29.509723613Z"
  },
  "state" : {
    "status" : "ready"
  },
  "tip" : {
    "epoch_number" : 93,
    "slot_number" : 142033,
    "height" : {
      "quantity" : 1994829,
      "unit" : "block"
    }
  }
}
{
  "id" : "7759a5bc286cd17c40be935f88b305556ba52373",
  "address_pool_gap" : 20,
  "balance" : {
    "available" : {
      "quantity" : 0,
      "unit" : "lovelace"
    },
    "reward" : {
      "quantity" : 0,
      "unit" : "lovelace"
    },
    "total" : {
      "quantity" : 0,
      "unit" : "lovelace"
    }
  },
  "delegation" : {
    "active" : {
      "status" : "not_delegating"
    },
    "next" : [
    ]
  },
  "name" : "psgs_stress_test_wallet_3",
  "passphrase" : {
    "last_updated_at" : "2020-09-28T09:49:50.44270489Z"
  },
  "state" : {
    "status" : "ready"
  },
  "tip" : {
    "epoch_number" : 93,
    "slot_number" : 142033,
    "height" : {
      "quantity" : 1994829,
      "unit" : "block"
    }
  }
}
{
  "id" : "76432db2a037e6c4d2befac33899660741fb7e3d",
  "address_pool_gap" : 20,
  "balance" : {
    "available" : {
      "quantity" : 0,
      "unit" : "lovelace"
    },
    "reward" : {
      "quantity" : 0,
      "unit" : "lovelace"
    },
    "total" : {
      "quantity" : 0,
      "unit" : "lovelace"
    }
  },
  "delegation" : {
    "active" : {
      "status" : "not_delegating"
    },
    "next" : [
    ]
  },
  "name" : "psgs_stress_test_wallet_4",
  "passphrase" : {
    "last_updated_at" : "2020-09-28T09:51:04.474883137Z"
  },
  "state" : {
    "status" : "ready"
  },
  "tip" : {
    "epoch_number" : 93,
    "slot_number" : 142033,
    "height" : {
      "quantity" : 1994829,
      "unit" : "block"
    }
  }
}
{
  "id" : "e8e294c3a1b073e45fe95e28d1e612df8c443b9b",
  "address_pool_gap" : 20,
  "balance" : {
    "available" : {
      "quantity" : 0,
      "unit" : "lovelace"
    },
    "reward" : {
      "quantity" : 0,
      "unit" : "lovelace"
    },
    "total" : {
      "quantity" : 0,
      "unit" : "lovelace"
    }
  },
  "delegation" : {
    "active" : {
      "status" : "not_delegating"
    },
    "next" : [
    ]
  },
  "name" : "psgs_stress_test_wallet_5",
  "passphrase" : {
    "last_updated_at" : "2020-09-28T09:52:01.154691903Z"
  },
  "state" : {
    "status" : "ready"
  },
  "tip" : {
    "epoch_number" : 93,
    "slot_number" : 142033,
    "height" : {
      "quantity" : 1994829,
      "unit" : "block"
    }
  }
}
{
  "id" : "c771767ff8ceaae4385bdd74ad928878df08a648",
  "address_pool_gap" : 20,
  "balance" : {
    "available" : {
      "quantity" : 0,
      "unit" : "lovelace"
    },
    "reward" : {
      "quantity" : 0,
      "unit" : "lovelace"
    },
    "total" : {
      "quantity" : 0,
      "unit" : "lovelace"
    }
  },
  "delegation" : {
    "active" : {
      "status" : "not_delegating"
    },
    "next" : [
    ]
  },
  "name" : "psgs_stress_test_wallet_6",
  "passphrase" : {
    "last_updated_at" : "2020-09-28T09:52:58.654682524Z"
  },
  "state" : {
    "status" : "ready"
  },
  "tip" : {
    "epoch_number" : 93,
    "slot_number" : 142033,
    "height" : {
      "quantity" : 1994829,
      "unit" : "block"
    }
  }
}
{
  "id" : "3d5d017c3409f737decbc66e8e2c27669e73dafb",
  "address_pool_gap" : 20,
  "balance" : {
    "available" : {
      "quantity" : 0,
      "unit" : "lovelace"
    },
    "reward" : {
      "quantity" : 0,
      "unit" : "lovelace"
    },
    "total" : {
      "quantity" : 0,
      "unit" : "lovelace"
    }
  },
  "delegation" : {
    "active" : {
      "status" : "not_delegating"
    },
    "next" : [
    ]
  },
  "name" : "psgs_stress_test_wallet_7",
  "passphrase" : {
    "last_updated_at" : "2020-09-28T09:54:30.195021774Z"
  },
  "state" : {
    "status" : "ready"
  },
  "tip" : {
    "epoch_number" : 93,
    "slot_number" : 142033,
    "height" : {
      "quantity" : 1994829,
      "unit" : "block"
    }
  }
}
{
  "id" : "f2088d96fb1ad06a7f879ab86c60da99a3489672",
  "address_pool_gap" : 20,
  "balance" : {
    "available" : {
      "quantity" : 0,
      "unit" : "lovelace"
    },
    "reward" : {
      "quantity" : 0,
      "unit" : "lovelace"
    },
    "total" : {
      "quantity" : 0,
      "unit" : "lovelace"
    }
  },
  "delegation" : {
    "active" : {
      "status" : "not_delegating"
    },
    "next" : [
    ]
  },
  "name" : "psgs_stress_test_wallet_8",
  "passphrase" : {
    "last_updated_at" : "2020-09-28T09:55:14.689073586Z"
  },
  "state" : {
    "status" : "ready"
  },
  "tip" : {
    "epoch_number" : 93,
    "slot_number" : 142033,
    "height" : {
      "quantity" : 1994829,
      "unit" : "block"
    }
  }
}
{
  "id" : "6baf460b3deccd05e22b98becd986c591440522c",
  "address_pool_gap" : 20,
  "balance" : {
    "available" : {
      "quantity" : 0,
      "unit" : "lovelace"
    },
    "reward" : {
      "quantity" : 0,
      "unit" : "lovelace"
    },
    "total" : {
      "quantity" : 0,
      "unit" : "lovelace"
    }
  },
  "delegation" : {
    "active" : {
      "status" : "not_delegating"
    },
    "next" : [
    ]
  },
  "name" : "psgs_stress_test_wallet_9",
  "passphrase" : {
    "last_updated_at" : "2020-09-28T09:56:03.425581548Z"
  },
  "state" : {
    "status" : "ready"
  },
  "tip" : {
    "epoch_number" : 93,
    "slot_number" : 142033,
    "height" : {
      "quantity" : 1994829,
      "unit" : "block"
    }
  }
}
{
  "id" : "60d72240dc5b68ae2c45f1b74cb6b566052d13c6",
  "address_pool_gap" : 20,
  "balance" : {
    "available" : {
      "quantity" : 0,
      "unit" : "lovelace"
    },
    "reward" : {
      "quantity" : 0,
      "unit" : "lovelace"
    },
    "total" : {
      "quantity" : 0,
      "unit" : "lovelace"
    }
  },
  "delegation" : {
    "active" : {
      "status" : "not_delegating"
    },
    "next" : [
    ]
  },
  "name" : "psgs_stress_test_wallet_10",
  "passphrase" : {
    "last_updated_at" : "2020-09-28T09:56:41.165056577Z"
  },
  "state" : {
    "status" : "ready"
  },
  "tip" : {
    "epoch_number" : 93,
    "slot_number" : 142033,
    "height" : {
      "quantity" : 1994829,
      "unit" : "block"
    }
  }
}
{
  "id" : "6cd6d11a489b7ea82a4624d18b93bdf9b77f0620",
  "address_pool_gap" : 20,
  "balance" : {
    "available" : {
      "quantity" : 1727995085,
      "unit" : "lovelace"
    },
    "reward" : {
      "quantity" : 0,
      "unit" : "lovelace"
    },
    "total" : {
      "quantity" : 1727995085,
      "unit" : "lovelace"
    }
  },
  "delegation" : {
    "active" : {
      "status" : "not_delegating"
    },
    "next" : [
    ]
  },
  "name" : "cardano_api_wallet_1",
  "passphrase" : {
    "last_updated_at" : "2020-09-28T13:01:46.278702359Z"
  },
  "state" : {
    "status" : "ready"
  },
  "tip" : {
    "epoch_number" : 93,
    "slot_number" : 142033,
    "height" : {
      "quantity" : 1994829,
      "unit" : "block"
    }
  }
}
{
  "id" : "1ad4bb33750b47128226e68cbf9c7431cf1fbb0b",
  "address_pool_gap" : 20,
  "balance" : {
    "available" : {
      "quantity" : 0,
      "unit" : "lovelace"
    },
    "reward" : {
      "quantity" : 0,
      "unit" : "lovelace"
    },
    "total" : {
      "quantity" : 0,
      "unit" : "lovelace"
    }
  },
  "delegation" : {
    "active" : {
      "status" : "not_delegating"
    },
    "next" : [
    ]
  },
  "name" : "to_delete_1",
  "passphrase" : {
    "last_updated_at" : "2020-10-01T07:42:40.933975736Z"
  },
  "state" : {
    "status" : "ready"
  },
  "tip" : {
    "epoch_number" : 93,
    "slot_number" : 142033,
    "height" : {
      "quantity" : 1994829,
      "unit" : "block"
    }
  }
}
